<?xml version="1.0" encoding="UTF-8"?>
<testng-results ignored="0" total="8" passed="8" failed="0" skipped="0">
  <reporter-output>
  </reporter-output>
  <suite started-at="2020-03-29T21:32:42 CEST" name="Default suite" finished-at="2020-03-29T21:32:42 CEST" duration-ms="93">
    <groups>
    </groups>
    <test started-at="2020-03-29T21:32:42 CEST" name="Default test" finished-at="2020-03-29T21:32:42 CEST" duration-ms="93">
      <class name="bankatest.TestNgB">
        <test-method is-config="true" signature="reset()[pri:0, instance:bankatest.TestNgB@56de5251]" started-at="2020-03-29T21:32:42 CEST" name="reset" finished-at="2020-03-29T21:32:42 CEST" duration-ms="9" status="PASS">
          <reporter-output>
          </reporter-output>
        </test-method> <!-- reset -->
        <test-method signature="bankReset()[pri:0, instance:bankatest.TestNgB@56de5251]" started-at="2020-03-29T21:32:42 CEST" name="bankReset" finished-at="2020-03-29T21:32:42 CEST" duration-ms="8" status="PASS">
          <reporter-output>
          </reporter-output>
        </test-method> <!-- bankReset -->
        <test-method signature="getAccount()[pri:0, instance:bankatest.TestNgB@56de5251]" started-at="2020-03-29T21:32:42 CEST" name="getAccount" finished-at="2020-03-29T21:32:42 CEST" duration-ms="2" status="PASS">
          <reporter-output>
          </reporter-output>
        </test-method> <!-- getAccount -->
        <test-method is-config="true" signature="reset()[pri:0, instance:bankatest.TestNgB@56de5251]" started-at="2020-03-29T21:32:42 CEST" name="reset" finished-at="2020-03-29T21:32:42 CEST" duration-ms="0" status="PASS">
          <reporter-output>
          </reporter-output>
        </test-method> <!-- reset -->
        <test-method is-config="true" signature="reset()[pri:0, instance:bankatest.TestNgB@56de5251]" started-at="2020-03-29T21:32:42 CEST" name="reset" finished-at="2020-03-29T21:32:42 CEST" duration-ms="0" status="PASS">
          <reporter-output>
          </reporter-output>
        </test-method> <!-- reset -->
        <test-method signature="payIn1()[pri:0, instance:bankatest.TestNgB@56de5251]" started-at="2020-03-29T21:32:42 CEST" name="payIn1" finished-at="2020-03-29T21:32:42 CEST" duration-ms="2" status="PASS">
          <reporter-output>
          </reporter-output>
        </test-method> <!-- payIn1 -->
        <test-method is-config="true" signature="reset()[pri:0, instance:bankatest.TestNgB@56de5251]" started-at="2020-03-29T21:32:42 CEST" name="reset" finished-at="2020-03-29T21:32:42 CEST" duration-ms="2" status="PASS">
          <reporter-output>
          </reporter-output>
        </test-method> <!-- reset -->
        <test-method signature="payIn2()[pri:0, instance:bankatest.TestNgB@56de5251]" started-at="2020-03-29T21:32:42 CEST" name="payIn2" finished-at="2020-03-29T21:32:42 CEST" duration-ms="1" status="PASS">
          <reporter-output>
          </reporter-output>
        </test-method> <!-- payIn2 -->
        <test-method is-config="true" signature="reset()[pri:0, instance:bankatest.TestNgB@56de5251]" started-at="2020-03-29T21:32:42 CEST" name="reset" finished-at="2020-03-29T21:32:42 CEST" duration-ms="1" status="PASS">
          <reporter-output>
          </reporter-output>
        </test-method> <!-- reset -->
        <test-method signature="sumMoney()[pri:0, instance:bankatest.TestNgB@56de5251]" started-at="2020-03-29T21:32:42 CEST" name="sumMoney" finished-at="2020-03-29T21:32:42 CEST" duration-ms="1" status="PASS">
          <reporter-output>
          </reporter-output>
        </test-method> <!-- sumMoney -->
        <test-method is-config="true" signature="reset()[pri:0, instance:bankatest.TestNgB@56de5251]" started-at="2020-03-29T21:32:42 CEST" name="reset" finished-at="2020-03-29T21:32:42 CEST" duration-ms="0" status="PASS">
          <reporter-output>
          </reporter-output>
        </test-method> <!-- reset -->
        <test-method signature="transfer()[pri:0, instance:bankatest.TestNgB@56de5251]" started-at="2020-03-29T21:32:42 CEST" name="transfer" finished-at="2020-03-29T21:32:42 CEST" duration-ms="1" status="PASS">
          <reporter-output>
          </reporter-output>
        </test-method> <!-- transfer -->
        <test-method signature="transfer2()[pri:0, instance:bankatest.TestNgB@56de5251]" started-at="2020-03-29T21:32:42 CEST" name="transfer2" finished-at="2020-03-29T21:32:42 CEST" duration-ms="2" status="PASS">
          <reporter-output>
          </reporter-output>
        </test-method> <!-- transfer2 -->
        <test-method is-config="true" signature="reset()[pri:0, instance:bankatest.TestNgB@56de5251]" started-at="2020-03-29T21:32:42 CEST" name="reset" finished-at="2020-03-29T21:32:42 CEST" duration-ms="0" status="PASS">
          <reporter-output>
          </reporter-output>
        </test-method> <!-- reset -->
        <test-method is-config="true" signature="reset()[pri:0, instance:bankatest.TestNgB@56de5251]" started-at="2020-03-29T21:32:42 CEST" name="reset" finished-at="2020-03-29T21:32:42 CEST" duration-ms="0" status="PASS">
          <reporter-output>
          </reporter-output>
        </test-method> <!-- reset -->
        <test-method signature="transfer3()[pri:0, instance:bankatest.TestNgB@56de5251]" started-at="2020-03-29T21:32:42 CEST" name="transfer3" finished-at="2020-03-29T21:32:42 CEST" duration-ms="1" status="PASS">
          <reporter-output>
          </reporter-output>
        </test-method> <!-- transfer3 -->
      </class> <!-- bankatest.TestNgB -->
    </test> <!-- Default test -->
  </suite> <!-- Default suite -->
</testng-results>
