<?xml version="1.0" encoding="UTF-8"?>
<!-- Generated by org.testng.reporters.JUnitXMLReporter -->
<testsuite ignored="5" hostname="DESKTOP-KCFKTQ7" failures="0" tests="1" name="GRP-const2" time="13.367" errors="0" timestamp="2020-03-25T11:31:20 CET">
  <testcase classname="bankatest.TestNgA" name="constructor2" time="12.637"/>
  <testcase classname="bankatest.TestNgA" name="get" time="0.0">
    <ignored/>
  </testcase> <!-- get -->
  <testcase classname="bankatest.TestNgA" name="ispis" time="0.0">
    <ignored/>
  </testcase> <!-- ispis -->
  <testcase classname="bankatest.TestNgA" name="constructor1" time="0.0">
    <ignored/>
  </testcase> <!-- constructor1 -->
  <testcase classname="bankatest.TestNgA" name="set2" time="0.0">
    <ignored/>
  </testcase> <!-- set2 -->
  <testcase classname="bankatest.TestNgA" name="set1" time="0.0">
    <ignored/>
  </testcase> <!-- set1 -->
</testsuite> <!-- GRP-const2 -->
